04/07/2026 10:35:15 PM: INFO: **** test_001_AccountRegistration started *** 
04/07/2026 10:35:15 PM: INFO: **** Launching Test Application ***
04/07/2026 10:35:17 PM: INFO: **** Navigated to Registration Page & Filling the details *** 
04/07/2026 10:35:17 PM: INFO: **** Password-Matched Successfully *** 
04/07/2026 10:35:19 PM: INFO: **** Validateing the account Page navigation *** 
04/07/2026 10:35:19 PM: INFO: Navigated Succesfully to : https://naveenautomationlabs.com/opencart/index.php?route=account/success
04/07/2026 10:35:19 PM: INFO: Account Registration Completed is successfull
04/07/2026 10:35:38 PM: INFO: **** test_001_AccountRegistration started *** 
04/07/2026 10:35:38 PM: INFO: **** Launching Test Application ***
04/07/2026 10:35:40 PM: INFO: **** Navigated to Registration Page & Filling the details *** 
04/07/2026 10:35:41 PM: INFO: **** Password-Matched Successfully *** 
04/07/2026 10:35:42 PM: INFO: **** Validateing the account Page navigation *** 
04/07/2026 10:35:42 PM: INFO: Navigated Succesfully to : https://naveenautomationlabs.com/opencart/index.php?route=account/success
04/07/2026 10:35:42 PM: INFO: Account Registration Completed is successfull
04/07/2026 10:35:45 PM: INFO: ----->>> test_002_Login Started Executing <<<------
04/07/2026 10:35:47 PM: INFO: ----->>> Navigating to Login Page <<<------
04/07/2026 10:35:47 PM: INFO: ----->>> Entering the Login Credentials <<<------
04/07/2026 10:35:48 PM: INFO: ----->>> End of test_002_Login Test <<<------
04/07/2026 10:35:51 PM: INFO: -------->>>>  Starting test_Login_DDT_Test <<<<<<< ---------
04/07/2026 10:36:28 PM: INFO: ---------------End of test driven Testing-----------------------
